Starting Dynare (version 4.5.7).
Starting preprocessing of the model file ...
Found 29 equation(s).
Evaluating expressions...done
Computing static model derivatives:
 - order 1
Computing dynamic model derivatives:
 - order 1
Processing outputs ...
done
Preprocessing completed.

STEADY-STATE RESULTS:

at        		 0
y_ht      		 -1.07918
ct        		 -1.51862
c_ht      		 -2.23397
c_ft      		 -2.18956
nt        		 -1.45652
xt        		 -2.86067
kt        		 -0.558086
f_ht      		 -1.10749
mt        		 -1.47455
ttt       		 -0.0444074
pit       		 0
pi_ht     		 0
thetat    		 0
deltat    		 0
wt        		 -0.327501
mct       		 -0.160118
dt        		 -2.84874
r_kt      		 -1.57092
qt        		 0.0405095
f_ttt     		 -1.77233
pi_star   		 0
z1t       		 -0.402761
z2t       		 -0.585083
rt        		 0.0405095
c_f_start 		 -2.29492
lt        		 0.13582
tau_kt    		 -1.13943
kdy       		 0.521094

EIGENVALUES:
         Modulus             Real        Imaginary

       2.334e-20        2.334e-20                0
        3.06e-19         3.06e-19                0
       1.682e-17        1.682e-17                0
       4.491e-17        4.491e-17                0
       5.771e-17        5.771e-17                0
       1.569e-16        1.569e-16                0
          0.2541          -0.2541                0
             0.5              0.5                0
          0.8538           0.8538                0
            0.92             0.92                0
          0.9981           0.9981                0
           1.023            1.023                0
           1.252            1.252                0
           2.083            2.083                0
           4.142            4.142                0
       3.721e+30        3.721e+30                0
       8.655e+30        8.655e+30                0
       9.275e+30        9.275e+30                0
       9.621e+30       -9.621e+30                0
       2.881e+32       -2.881e+32                0
             Inf              Inf                0


There are 10 eigenvalue(s) larger than 1 in modulus 
for 10 forward-looking variable(s)

The rank condition is verified.


OPTIMAL SIMPLE RULE


OSR: Initial value of the objective function: 0.00179119 

  n=2: (3,6)-CMA-ES(w=[64 28 8]%, mu_eff=2.0) on function osr_obj
Iterat, #Fevals:   Function Value    (median,worst) |Axis Ratio|idx:Min SD idx:Max SD
    1 ,      7 : 1.7923712482842e-03 +(1e-05,1e+08) | 8.87e+02 |  2:7.1e-03  1:6.3e+00
    2 ,     13 : 1.7972683596045e-03 +(8e-06,1e+08) | 9.32e+02 |  2:5.9e-03  1:5.4e+00
   10 ,     61 : 1.7912212932429e-03 +(1e-05,1e+08) | 3.12e+02 |  2:1.7e-02  1:5.2e+00
   20 ,    121 : 1.7913759672170e-03 +(1e-05,3e-05) | 1.08e+02 |  2:7.8e-03  1:8.3e-01
   30 ,    181 : 1.7906719342737e-03 +(3e-07,4e-07) | 5.74e+01 |  2:4.1e-03  1:2.3e-01
   40 ,    241 : 1.7850362591749e-03 +(2e-06,3e-05) | 5.00e+01 |  2:1.2e-02  1:3.9e-01
   50 ,    301 : 1.7834863351115e-03 +(1e-06,1e-05) | 2.91e+01 |  2:4.4e-03  1:9.7e-02
   60 ,    361 : 1.7826409499976e-03 +(7e-08,8e-07) | 1.85e+01 |  2:1.8e-03  1:3.2e-02
   70 ,    421 : 1.7823182404209e-03 +(2e-07,5e-07) | 5.17e+00 |  2:7.0e-03  1:3.3e-02
   80 ,    481 : 1.7813928699431e-03 +(6e-07,3e-06) | 4.81e+00 |  2:1.1e-02  1:2.4e-02
   90 ,    541 : 1.7805635131119e-03 +(1e-06,2e-06) | 9.54e+00 |  2:1.2e-02  1:2.6e-02
Iterat, #Fevals:   Function Value    (median,worst) |Axis Ratio|idx:Min SD idx:Max SD
  100 ,    601 : 1.7687597597811e-03 +(3e-06,1e-05) | 2.06e+01 |  2:1.3e-01  1:2.7e-01
  110 ,    661 : 1.7685170735173e-03 +(1e-07,5e-07) | 1.56e+01 |  2:2.0e-02  1:3.9e-02
  120 ,    721 : 1.7685010524657e-03 +(3e-09,3e-08) | 6.03e+00 |  2:3.1e-03  1:7.2e-03
  127 ,    763 : 1.7684985370969e-03 +(7e-11,1e-10) | 5.61e+00 |  2:2.1e-04  1:4.9e-04
#Fevals:   f(returned x)   |    bestever.f     | stopflag (saved to variablescmaes.mat)
    764: 1.76849853359e-03 | 1.76849853352e-03 | tolfun
mean solution: +1.0e-03 +2.9e-01
std deviation:  4.9e-04  2.1e-04
use plotcmaesdat.m for plotting the output at any time (option LogModulo must not be zero)

OPTIMAL VALUE OF THE PARAMETERS:

      gamm_kl                 0.1

      gamm_ky            0.290379

Objective function :        0.0017685



MODEL SUMMARY

  Number of variables:         29
  Number of stochastic shocks: 1
  Number of state variables:   11
  Number of jumpers:           10
  Number of static variables:  9


MATRIX OF COVARIANCE OF EXOGENOUS SHOCKS
Variables       etaat
etaat        0.010000

POLICY AND TRANSITION FUNCTIONS
                                y_ht             pit              rt
Constant                   -1.079180               0        0.040510
at(-1)                      0.172283       -0.532457        0.023300
y_ht(-1)                    0.249762        0.171232       -0.003948
kt(-1)                     -0.234399       -0.322444        0.020053
f_ht(-1)                   -0.437208       -0.168521        0.016385
mt(-1)                      0.263288        0.180506       -0.004162
deltat(-1)                 -0.288575        0.080668        0.001230
qt(-1)                      0.000857        0.062799        0.004478
f_ttt(-1)                   0.438066        0.231320       -0.011907
rt(-1)                      0.249762        0.171232       -0.003948
lt(-1)                     -0.006609       -0.004531        0.000104
ttt(-1)                    -0.060463       -0.019675        0.003653
etaat                       0.018726       -0.057876        0.002533


THEORETICAL MOMENTS
VARIABLE         MEAN  STD. DEV.   VARIANCE
y_ht          -1.0792     0.0416     0.0017
pit            0.0000     0.0059     0.0000
rt             0.0405     0.0004     0.0000



MATRIX OF CORRELATIONS
Variables      y_ht     pit      rt
y_ht         1.0000  0.0529  0.7991
pit          0.0529  1.0000 -0.4829
rt           0.7991 -0.4829  1.0000



COEFFICIENTS OF AUTOCORRELATION
Order         1       2       3       4       5
y_ht     0.9517  0.9111  0.8660  0.8209  0.7755
pit      0.0508  0.0626  0.0339  0.0206  0.0076
rt       0.6788  0.7477  0.7083  0.6912  0.6641
Total computing time : 0h00m17s
