Starting Dynare (version 4.5.7).
Starting preprocessing of the model file ...
Found 28 equation(s).
Evaluating expressions...done
Computing static model derivatives:
 - order 1
Computing dynamic model derivatives:
 - order 1
Processing outputs ...
done
Preprocessing completed.

STEADY-STATE RESULTS:

at        		 0
y_ht      		 -1.07918
ct        		 -1.51862
c_ht      		 -2.23397
c_ft      		 -2.18956
nt        		 -1.45652
xt        		 -2.86067
kt        		 -0.558086
f_ht      		 -1.10749
mt        		 -1.47455
ttt       		 -0.0444074
pit       		 0
pi_ht     		 0
thetat    		 0
deltat    		 0
wt        		 -0.327501
mct       		 -0.160118
dt        		 -2.84874
r_kt      		 -1.57092
qt        		 0.0405095
f_ttt     		 -1.77233
pi_star   		 0
z1t       		 -0.402761
z2t       		 -0.585083
rt        		 0.0405095
c_f_start 		 -2.29492
lt        		 0.13582
sgt       		 -1.51413

EIGENVALUES:
         Modulus             Real        Imaginary

       4.186e-19        4.186e-19                0
       6.901e-18        6.901e-18                0
       6.037e-17       -6.037e-17                0
       6.268e-17       -6.268e-17                0
       1.059e-16        1.059e-16                0
       2.079e-16        2.079e-16                0
          0.2393          -0.2393                0
             0.5              0.5                0
          0.8624           0.8624                0
            0.92             0.92                0
           0.998            0.998                0
           1.028            1.028                0
           1.253            1.253                0
           2.083            2.083                0
           4.097            4.097                0
       1.967e+31        1.967e+31                0
       3.304e+31        3.304e+31                0
        6.65e+31         6.65e+31                0
       1.133e+32       -1.133e+32                0
       4.926e+33        4.926e+33                0


There are 9 eigenvalue(s) larger than 1 in modulus 
for 9 forward-looking variable(s)

The rank condition is verified.


OPTIMAL SIMPLE RULE


OSR: Initial value of the objective function: 0.00198962 

  n=2: (3,6)-CMA-ES(w=[64 28 8]%, mu_eff=2.0) on function osr_obj
Iterat, #Fevals:   Function Value    (median,worst) |Axis Ratio|idx:Min SD idx:Max SD
    1 ,      7 : 1.8614407117628e-03 +(4e-05,3e-04) | 4.95e+01 |  2:8.3e-03  1:4.1e-01
    2 ,     13 : 1.8601660806394e-03 +(5e-05,3e-04) | 5.49e+01 |  2:7.2e-03  1:3.9e-01
   10 ,     61 : 1.8525506459488e-03 +(2e-05,2e-04) | 3.51e+01 |  2:1.6e-02  1:5.8e-01
   20 ,    121 : 1.8139605144728e-03 +(1e-04,4e-04) | 1.74e+01 |  2:1.2e-02  1:2.0e-01
   30 ,    181 : 1.8148247476025e-03 +(4e-06,7e-05) | 1.08e+01 |  2:6.1e-03  1:6.5e-02
   40 ,    241 : 1.8139295835833e-03 +(5e-07,3e-06) | 5.92e+00 |  2:2.5e-03  1:1.5e-02
   50 ,    301 : 1.8139505746134e-03 +(1e-08,4e-08) | 3.90e+00 |  2:5.5e-04  1:2.1e-03
   58 ,    349 : 1.8139151514974e-03 +(5e-08,1e-07) | 1.95e+00 |  2:1.2e-03  1:1.7e-03
#Fevals:   f(returned x)   |    bestever.f     | stopflag (saved to variablescmaes.mat)
    350: 1.81391515150e-03 | 1.81374372453e-03 | tolfun
mean solution: +3.9e-01 -1.7e-01
std deviation:  1.7e-03  1.2e-03
use plotcmaesdat.m for plotting the output at any time (option LogModulo must not be zero)

OPTIMAL VALUE OF THE PARAMETERS:

      gamm_gl             0.39909

      gamm_gy           -0.188934

Objective function :       0.00181374



MODEL SUMMARY

  Number of variables:         28
  Number of stochastic shocks: 1
  Number of state variables:   11
  Number of jumpers:           9
  Number of static variables:  9


MATRIX OF COVARIANCE OF EXOGENOUS SHOCKS
Variables       etaat
etaat        0.010000

POLICY AND TRANSITION FUNCTIONS
                                y_ht             pit              rt
Constant                   -1.079180               0        0.040510
at(-1)                      1.212693        0.002699       -0.024458
y_ht(-1)                   -0.692481       -0.322297        0.039367
kt(-1)                      0.037654       -0.186092        0.007532
f_ht(-1)                   -0.271829       -0.086925        0.008613
mt(-1)                     -0.769119       -0.359842        0.044048
deltat(-1)                 -0.258738        0.096725       -0.000399
qt(-1)                     -0.736877       -0.325674        0.038905
f_ttt(-1)                  -0.465048       -0.238749        0.030292
rt(-1)                     -0.729606       -0.341356        0.041785
lt(-1)                      0.078420        0.040260       -0.005108
ttt(-1)                     2.426378        1.283844       -0.112133
etaat                       0.131815        0.000293       -0.002658


THEORETICAL MOMENTS
VARIABLE         MEAN  STD. DEV.   VARIANCE
y_ht          -1.0792     0.0426     0.0018
pit            0.0000     0.0012     0.0000
rt             0.0405     0.0007     0.0000



MATRIX OF CORRELATIONS
Variables      y_ht     pit      rt
y_ht         1.0000 -0.1838 -0.8872
pit         -0.1838  1.0000  0.0961
rt          -0.8872  0.0961  1.0000



COEFFICIENTS OF AUTOCORRELATION
Order         1       2       3       4       5
y_ht     0.9451  0.9248  0.8904  0.8552  0.8174
pit      0.7259  0.5536  0.4019  0.2803  0.1809
rt       0.9017  0.8793  0.8474  0.8246  0.8048
Total computing time : 0h00m08s
